<?xml version="1.0" encoding="UTF-8"?>
<testsuite xmlns:xsi="http://www.w3.org/2001/XMLSchema-instance" xsi:noNamespaceSchemaLocation="https://maven.apache.org/surefire/maven-surefire-plugin/xsd/surefire-test-report-3.0.xsd" version="3.0" name="MenuServiceTest" time="0.028" tests="9" errors="0" skipped="0" failures="0">
  <properties>
[...]
</properties>
  <testcase name="autoGenerateMenu_forJapanese_shouldGenerateJapaneseDishes" classname="MenuServiceTest" time="0.003"/>
  <testcase name="getMenu_shouldReturnAvailableItems" classname="MenuServiceTest" time="0.003"/>
  <testcase name="getAllMenu_shouldReturnAllItems" classname="MenuServiceTest" time="0.001"/>
  <testcase name="addMenuItem_withZeroPrice_shouldReject" classname="MenuServiceTest" time="0.004"/>
  <testcase name="updateMenuItem_shouldUpdatePrice" classname="MenuServiceTest" time="0.002"/>
  <testcase name="autoGenerateMenu_forSichuan_shouldGenerateSpicyDishes" classname="MenuServiceTest" time="0.002"/>
  <testcase name="disableMenuItem_shouldSetUnavailable" classname="MenuServiceTest" time="0.0"/>
  <testcase name="addMenuItem_shouldSave" classname="MenuServiceTest" time="0.0"/>
  <testcase name="addMenuItem_withNegativePrice_shouldReject" classname="MenuServiceTest" time="0.002"/>
</testsuite>